<?xml version="1.0" encoding="UTF-8"?>
<!-- Generated by org.testng.reporters.JUnitXMLReporter -->
<testsuite ignored="0" hostname="DESKTOP-R6ICANP" failures="0" tests="1" name="Edge Browser Test" time="0.007" errors="0" timestamp="03 Feb 2022 00:51:33 GMT">
  <testcase classname="com.baseclass.Base_Instagram" name="@BeforeMethod setUp" time="0.003">
    <failure type="java.lang.IllegalStateException" message="The driver executable does not exist: C:\Users\Mdjalal Kaikobad\eclipse-workspace\Instragram\.\Driver\EdgeDriver.exe">
      <![CDATA[java.lang.IllegalStateException: The driver executable does not exist: C:\Users\Mdjalal Kaikobad\eclipse-workspace\Instragram\.\Driver\EdgeDriver.exe
at com.google.common.base.Preconditions.checkState(Preconditions.java:585)
at org.openqa.selenium.remote.service.DriverService.checkExecutable(DriverService.java:146)
at org.openqa.selenium.remote.service.DriverService.findExecutable(DriverService.java:141)
at org.openqa.selenium.edge.EdgeDriverService.access$000(EdgeDriverService.java:37)
at org.openqa.selenium.edge.EdgeDriverService$Builder.findDefaultExecutable(EdgeDriverService.java:90)
at org.openqa.selenium.remote.service.DriverService$Builder.build(DriverService.java:355)
at org.openqa.selenium.edge.EdgeDriverService.createDefaultService(EdgeDriverService.java:70)
at org.openqa.selenium.edge.EdgeDriver.<init>(EdgeDriver.java:96)
at com.baseclass.Base_Instagram.setUp(Base_Instagram.java:32)
... Removed 28 stack frames]]>
    </failure>
  </testcase> <!-- @BeforeMethod setUp -->
  <testcase classname="com.baseclass.Base_Instagram" name="OpenApplication" time="0.0">
    <skipped/>
  </testcase> <!-- OpenApplication -->
</testsuite> <!-- Edge Browser Test -->
