<?xml version="1.0" encoding="UTF-8"?>
<!-- Generated by org.testng.reporters.JUnitXMLReporter -->
<testsuite ignored="0" hostname="DESKTOP-R6ICANP" failures="0" tests="1" name="FirefoxBrowserTest" time="0.022" errors="0" timestamp="02 Feb 2022 03:17:31 GMT">
  <testcase classname="com.baseclass.Base_Instagram" name="@BeforeMethod setUp" time="0.015">
    <failure type="java.lang.IllegalStateException" message="The driver executable does not exist: C:\Users\Mdjalal Kaikobad\eclipse-workspace\Instragram\.\Driver\GeckoDriver.exe">
      <![CDATA[java.lang.IllegalStateException: The driver executable does not exist: C:\Users\Mdjalal Kaikobad\eclipse-workspace\Instragram\.\Driver\GeckoDriver.exe
at com.google.common.base.Preconditions.checkState(Preconditions.java:585)
at org.openqa.selenium.remote.service.DriverService.checkExecutable(DriverService.java:146)
at org.openqa.selenium.remote.service.DriverService.findExecutable(DriverService.java:141)
at org.openqa.selenium.firefox.GeckoDriverService.access$100(GeckoDriverService.java:44)
at org.openqa.selenium.firefox.GeckoDriverService$Builder.findDefaultExecutable(GeckoDriverService.java:167)
at org.openqa.selenium.remote.service.DriverService$Builder.build(DriverService.java:355)
at org.openqa.selenium.firefox.FirefoxDriver.toExecutor(FirefoxDriver.java:190)
at org.openqa.selenium.firefox.FirefoxDriver.<init>(FirefoxDriver.java:147)
at org.openqa.selenium.firefox.FirefoxDriver.<init>(FirefoxDriver.java:125)
at com.baseclass.Base_Instagram.setUp(Base_Instagram.java:26)
... Removed 28 stack frames]]>
    </failure>
  </testcase> <!-- @BeforeMethod setUp -->
  <testcase classname="com.baseclass.Base_Instagram" name="OpenApplication" time="0.0">
    <skipped/>
  </testcase> <!-- OpenApplication -->
</testsuite> <!-- FirefoxBrowserTest -->
