<?xml version="1.0" encoding="UTF-8"?>
<!-- Generated by org.testng.reporters.JUnitXMLReporter -->
<testsuite hostname="DESKTOP-R6ICANP" ignored="0" name="Instragram login test" tests="4" failures="4" timestamp="20 Mar 2022 03:03:01 GMT" time="0.463" errors="0">
  <testcase name="runScenario" time="0.139" classname="io.cucumber.testng.AbstractTestNGCucumberTests">
    <failure type="java.lang.NullPointerException">
      <![CDATA[java.lang.NullPointerException
at com.baseclass.Base_Instagram.setUp(Base_Instagram.java:18)
at com.hooks.Instagram_Hooks.initialization(Instagram_Hooks.java:13)
]]>
    </failure>
  </testcase> <!-- runScenario -->
  <testcase name="runScenario" time="0.003" classname="io.cucumber.testng.AbstractTestNGCucumberTests">
    <failure type="java.lang.NullPointerException">
      <![CDATA[java.lang.NullPointerException
at com.baseclass.Base_Instagram.setUp(Base_Instagram.java:18)
at com.hooks.Instagram_Hooks.initialization(Instagram_Hooks.java:13)
]]>
    </failure>
  </testcase> <!-- runScenario -->
  <testcase name="runScenario" time="0.003" classname="io.cucumber.testng.AbstractTestNGCucumberTests">
    <failure type="java.lang.NullPointerException">
      <![CDATA[java.lang.NullPointerException
at com.baseclass.Base_Instagram.setUp(Base_Instagram.java:18)
at com.hooks.Instagram_Hooks.initialization(Instagram_Hooks.java:13)
]]>
    </failure>
  </testcase> <!-- runScenario -->
  <testcase name="runScenario" time="0.004" classname="io.cucumber.testng.AbstractTestNGCucumberTests">
    <failure type="java.lang.NullPointerException">
      <![CDATA[java.lang.NullPointerException
at com.baseclass.Base_Instagram.setUp(Base_Instagram.java:18)
at com.hooks.Instagram_Hooks.initialization(Instagram_Hooks.java:13)
]]>
    </failure>
  </testcase> <!-- runScenario -->
</testsuite> <!-- Instragram login test -->
